<?xml version="1.0" encoding="UTF-8"?>
<!-- Generated by org.testng.reporters.JUnitXMLReporter -->
<testsuite hostname="SIEMENSDC" failures="0" tests="3" name="Surefire test" time="0.024" errors="0" timestamp="13 May 2019 09:23:59 GMT">
  <testcase classname="E_LibraryApp.elibrary.LibraryTest" name="testLibrarySize on testLibrarySize(E_LibraryApp.elibrary.LibraryTest)" time="0.013"/>
  <testcase classname="E_LibraryApp.elibrary.LibraryTest" name="testLibrarySearch on testLibrarySearch(E_LibraryApp.elibrary.LibraryTest)" time="0.0"/>
  <testcase classname="E_LibraryApp.elibrary.BookTest" name="testBook on testBook(E_LibraryApp.elibrary.BookTest)" time="0.0"/>
</testsuite> <!-- Surefire test -->
