<?xml version="1.0" encoding="UTF-8"?>
<!-- Generated by org.testng.reporters.JUnitXMLReporter -->
<testsuite hostname="PL1CHZRH0114NB" ignored="0" name="Test" tests="4" failures="1" timestamp="2020-05-25T21:29:21 MESZ" time="12.71" errors="0">
  <testcase name="testBook on null(E_LibraryApp.elibrary.BookTest)" time="0.118" classname="E_LibraryApp.elibrary.BookTest"/>
  <testcase name="testLibrarySearch on null(E_LibraryApp.elibrary.LibraryTest)" time="0.005" classname="E_LibraryApp.elibrary.LibraryTest"/>
  <testcase name="testLibrarySize on null(E_LibraryApp.elibrary.LibraryTest)" time="0.003" classname="E_LibraryApp.elibrary.LibraryTest"/>
  <testcase name="testLogin on null(E_LibraryApp.elibrary.LoginTest)" time="12.304" classname="E_LibraryApp.elibrary.LoginTest">
    <failure type="junit.framework.AssertionFailedError" message="Sorry, but the Username or Password is invalid.">
      <![CDATA[junit.framework.AssertionFailedError: Sorry, but the Username or Password is invalid.
at junit.framework.Assert.fail(Assert.java:47)
at junit.framework.Assert.assertTrue(Assert.java:20)
at E_LibraryApp.elibrary.LoginTest.testLogin(LoginTest.java:94)
at java.util.ArrayList.forEach(Unknown Source)
... Removed 27 stack frames]]>
    </failure>
  </testcase> <!-- testLogin on null(E_LibraryApp.elibrary.LoginTest) -->
</testsuite> <!-- Test -->
