<?xml version="1.0" encoding="UTF-8"?>
<testsuite xmlns:xsi="http://www.w3.org/2001/XMLSchema-instance" xsi:noNamespaceSchemaLocation="https://maven.apache.org/surefire/maven-surefire-plugin/xsd/surefire-test-report-3.0.xsd" version="3.0" name="TestSuite" time="2.041" tests="3" errors="0" skipped="0" failures="0">
  <properties>
[...]
</properties>
  <testcase name="testLibrarySize on testLibrarySize(E_LibraryApp.elibrary.LibraryTest)" classname="E_LibraryApp.elibrary.LibraryTest" time="0.664"/>
  <testcase name="testLibrarySearch on testLibrarySearch(E_LibraryApp.elibrary.LibraryTest)" classname="E_LibraryApp.elibrary.LibraryTest" time="0.664"/>
  <testcase name="testBook on testBook(E_LibraryApp.elibrary.BookTest)" classname="E_LibraryApp.elibrary.BookTest" time="0.664"/>
</testsuite>