<?xml version="1.0" encoding="UTF-8"?>
<testng-results skipped="0" failed="1" ignored="0" total="4" passed="3">
  <reporter-output>
  </reporter-output>
  <suite name="Suite" duration-ms="12710" started-at="2020-05-25T21:29:08 MESZ" finished-at="2020-05-25T21:29:21 MESZ">
    <groups>
    </groups>
    <test name="Test" duration-ms="12710" started-at="2020-05-25T21:29:08 MESZ" finished-at="2020-05-25T21:29:21 MESZ">
      <class name="E_LibraryApp.elibrary.BookTest">
        <test-method status="PASS" signature="testBook()[pri:0, instance:null(E_LibraryApp.elibrary.BookTest)]" name="testBook" duration-ms="118" started-at="2020-05-25T21:29:08 MESZ" finished-at="2020-05-25T21:29:08 MESZ">
          <reporter-output>
          </reporter-output>
        </test-method> <!-- testBook -->
      </class> <!-- E_LibraryApp.elibrary.BookTest -->
      <class name="E_LibraryApp.elibrary.LoginTest">
        <test-method status="FAIL" signature="testLogin()[pri:0, instance:null(E_LibraryApp.elibrary.LoginTest)]" name="testLogin" duration-ms="12304" started-at="2020-05-25T21:29:09 MESZ" finished-at="2020-05-25T21:29:21 MESZ">
          <exception class="junit.framework.AssertionFailedError">
            <message>
              <![CDATA[Sorry, but the Username or Password is invalid.]]>
            </message>
            <full-stacktrace>
              <![CDATA[junit.framework.AssertionFailedError: Sorry, but the Username or Password is invalid.
at junit.framework.Assert.fail(Assert.java:47)
at junit.framework.Assert.assertTrue(Assert.java:20)
at E_LibraryApp.elibrary.LoginTest.testLogin(LoginTest.java:94)
at sun.reflect.NativeMethodAccessorImpl.invoke0(Native Method)
at sun.reflect.NativeMethodAccessorImpl.invoke(Unknown Source)
at sun.reflect.DelegatingMethodAccessorImpl.invoke(Unknown Source)
at java.lang.reflect.Method.invoke(Unknown Source)
at org.testng.internal.MethodInvocationHelper.invokeMethod(MethodInvocationHelper.java:135)
at org.testng.internal.TestInvoker.invokeMethod(TestInvoker.java:598)
at org.testng.internal.TestInvoker.invokeTestMethod(TestInvoker.java:174)
at org.testng.internal.MethodRunner.runInSequence(MethodRunner.java:46)
at org.testng.internal.TestInvoker$MethodInvocationAgent.invoke(TestInvoker.java:821)
at org.testng.internal.TestInvoker.invokeTestMethods(TestInvoker.java:147)
at org.testng.internal.TestMethodWorker.invokeTestMethods(TestMethodWorker.java:146)
at org.testng.internal.TestMethodWorker.run(TestMethodWorker.java:128)
at java.util.ArrayList.forEach(Unknown Source)
at org.testng.TestRunner.privateRun(TestRunner.java:767)
at org.testng.TestRunner.run(TestRunner.java:588)
at org.testng.SuiteRunner.runTest(SuiteRunner.java:384)
at org.testng.SuiteRunner.runSequentially(SuiteRunner.java:378)
at org.testng.SuiteRunner.privateRun(SuiteRunner.java:337)
at org.testng.SuiteRunner.run(SuiteRunner.java:286)
at org.testng.SuiteRunnerWorker.runSuite(SuiteRunnerWorker.java:53)
at org.testng.SuiteRunnerWorker.run(SuiteRunnerWorker.java:96)
at org.testng.TestNG.runSuitesSequentially(TestNG.java:1214)
at org.testng.TestNG.runSuitesLocally(TestNG.java:1136)
at org.testng.TestNG.runSuites(TestNG.java:1066)
at org.testng.TestNG.run(TestNG.java:1034)
at org.testng.remote.AbstractRemoteTestNG.run(AbstractRemoteTestNG.java:115)
at org.testng.remote.RemoteTestNG.initAndRun(RemoteTestNG.java:251)
at org.testng.remote.RemoteTestNG.main(RemoteTestNG.java:77)
]]>
            </full-stacktrace>
          </exception> <!-- junit.framework.AssertionFailedError -->
          <reporter-output>
          </reporter-output>
        </test-method> <!-- testLogin -->
      </class> <!-- E_LibraryApp.elibrary.LoginTest -->
      <class name="E_LibraryApp.elibrary.LibraryTest">
        <test-method status="PASS" signature="testLibrarySearch()[pri:0, instance:null(E_LibraryApp.elibrary.LibraryTest)]" name="testLibrarySearch" duration-ms="5" started-at="2020-05-25T21:29:09 MESZ" finished-at="2020-05-25T21:29:09 MESZ">
          <reporter-output>
          </reporter-output>
        </test-method> <!-- testLibrarySearch -->
        <test-method status="PASS" signature="testLibrarySize()[pri:0, instance:null(E_LibraryApp.elibrary.LibraryTest)]" name="testLibrarySize" duration-ms="3" started-at="2020-05-25T21:29:09 MESZ" finished-at="2020-05-25T21:29:09 MESZ">
          <reporter-output>
          </reporter-output>
        </test-method> <!-- testLibrarySize -->
      </class> <!-- E_LibraryApp.elibrary.LibraryTest -->
    </test> <!-- Test -->
  </suite> <!-- Suite -->
</testng-results>
